2025-07-08 19:52:59,378 - __main__ - INFO - Slack Listener Service initialized
2025-07-08 19:52:59,381 - __main__ - INFO - 🎧 Slack listener service started
2025-07-08 19:53:05,295 - __main__ - INFO - Slack Listener Service initialized
2025-07-08 19:53:57,668 - __main__ - ERROR - Slack API error: ratelimited
2025-07-08 19:54:08,325 - __main__ - ERROR - Slack API error: ratelimited
2025-07-08 19:54:13,643 - __main__ - ERROR - Slack API error: ratelimited
2025-07-08 19:54:18,947 - __main__ - ERROR - Slack API error: ratelimited
2025-07-08 19:54:24,364 - __main__ - ERROR - Slack API error: ratelimited
2025-07-08 19:54:29,664 - __main__ - ERROR - Slack API error: ratelimited
2025-07-08 19:54:34,967 - __main__ - ERROR - Slack API error: ratelimited
2025-07-08 19:54:40,267 - __main__ - ERROR - Slack API error: ratelimited
2025-07-08 19:54:45,591 - __main__ - ERROR - Slack API error: ratelimited
2025-07-08 19:54:48,018 - __main__ - INFO - Slack Listener Service initialized
2025-07-08 19:54:50,886 - __main__ - ERROR - Slack API error: ratelimited
2025-07-08 19:54:56,198 - __main__ - ERROR - Slack API error: ratelimited
2025-07-08 19:55:07,095 - __main__ - ERROR - Slack API error: ratelimited
2025-07-08 19:55:12,390 - __main__ - ERROR - Slack API error: ratelimited
2025-07-08 19:55:17,903 - __main__ - ERROR - Slack API error: ratelimited
2025-07-08 19:55:23,279 - __main__ - ERROR - Slack API error: ratelimited
2025-07-08 19:55:28,598 - __main__ - ERROR - Slack API error: ratelimited
2025-07-08 19:55:33,903 - __main__ - ERROR - Slack API error: ratelimited
2025-07-08 19:55:39,199 - __main__ - ERROR - Slack API error: ratelimited
2025-07-08 19:55:44,499 - __main__ - ERROR - Slack API error: ratelimited
2025-07-08 19:55:49,803 - __main__ - ERROR - Slack API error: ratelimited
2025-07-08 19:55:55,097 - __main__ - ERROR - Slack API error: ratelimited
2025-07-08 19:56:05,740 - __main__ - ERROR - Slack API error: ratelimited
2025-07-08 19:56:11,050 - __main__ - ERROR - Slack API error: ratelimited
2025-07-08 19:56:16,392 - __main__ - ERROR - Slack API error: ratelimited
2025-07-08 19:56:21,697 - __main__ - ERROR - Slack API error: ratelimited
2025-07-08 19:56:27,017 - __main__ - ERROR - Slack API error: ratelimited
2025-07-08 19:56:32,330 - __main__ - ERROR - Slack API error: ratelimited
2025-07-08 19:56:37,720 - __main__ - ERROR - Slack API error: ratelimited
2025-07-08 19:56:43,013 - __main__ - ERROR - Slack API error: ratelimited
2025-07-08 19:56:48,374 - __main__ - ERROR - Slack API error: ratelimited
2025-07-08 19:56:53,696 - __main__ - ERROR - Slack API error: ratelimited
2025-07-08 19:56:59,021 - __main__ - ERROR - Slack API error: ratelimited
2025-07-08 19:57:09,634 - __main__ - ERROR - Slack API error: ratelimited
2025-07-08 19:57:14,942 - __main__ - ERROR - Slack API error: ratelimited
2025-07-08 19:57:20,327 - __main__ - ERROR - Slack API error: ratelimited
2025-07-08 19:57:25,621 - __main__ - ERROR - Slack API error: ratelimited
2025-07-08 19:57:30,935 - __main__ - ERROR - Slack API error: ratelimited
2025-07-08 19:57:36,300 - __main__ - ERROR - Slack API error: ratelimited
2025-07-08 19:57:41,613 - __main__ - ERROR - Slack API error: ratelimited
2025-07-08 19:57:46,948 - __main__ - ERROR - Slack API error: ratelimited
2025-07-08 19:57:52,417 - __main__ - ERROR - Slack API error: ratelimited
2025-07-08 19:57:57,735 - __main__ - ERROR - Slack API error: ratelimited
2025-07-08 19:58:08,446 - __main__ - ERROR - Slack API error: ratelimited
2025-07-08 19:58:13,757 - __main__ - ERROR - Slack API error: ratelimited
2025-07-08 19:58:19,058 - __main__ - ERROR - Slack API error: ratelimited
2025-07-08 19:58:24,373 - __main__ - ERROR - Slack API error: ratelimited
2025-07-08 19:58:29,672 - __main__ - ERROR - Slack API error: ratelimited
2025-07-08 19:58:35,006 - __main__ - ERROR - Slack API error: ratelimited
2025-07-08 19:58:40,299 - __main__ - ERROR - Slack API error: ratelimited
2025-07-08 19:58:45,619 - __main__ - ERROR - Slack API error: ratelimited
2025-07-08 19:58:50,938 - __main__ - ERROR - Slack API error: ratelimited
2025-07-08 19:58:56,248 - __main__ - ERROR - Slack API error: ratelimited
2025-07-08 19:59:01,626 - __main__ - INFO - ✅ APPROVED by user U094E35B38W
2025-07-08 19:59:01,631 - __main__ - INFO - ✅ Task approved and saved: slack-1751975941628-3826
2025-07-08 19:59:02,074 - __main__ - INFO - Pending approval cleaned up
2025-07-08 19:59:02,076 - __main__ - INFO - ✅ APPROVED by user U094E35B38W
2025-07-08 19:59:02,077 - __main__ - WARNING - No pending approvals found
2025-07-08 19:59:02,078 - __main__ - INFO - ✅ APPROVED by user U094E35B38W
2025-07-08 19:59:02,079 - __main__ - WARNING - No pending approvals found
2025-07-08 19:59:07,050 - __main__ - INFO - Slack Listener Service initialized
2025-07-08 20:06:42,923 - __main__ - INFO - Slack Listener Service initialized
2025-07-08 20:06:57,541 - __main__ - INFO - Slack Listener Service initialized
2025-07-08 20:06:57,543 - __main__ - INFO - 🎧 Slack listener service started
2025-07-08 20:07:02,307 - __main__ - INFO - Slack Listener Service initialized
2025-07-08 20:07:40,671 - __main__ - ERROR - Slack API error: ratelimited
2025-07-08 20:07:45,982 - __main__ - ERROR - Slack API error: ratelimited
2025-07-08 20:07:51,313 - __main__ - ERROR - Slack API error: ratelimited
2025-07-08 20:07:56,630 - __main__ - ERROR - Slack API error: ratelimited
2025-07-08 20:08:07,333 - __main__ - ERROR - Slack API error: ratelimited
2025-07-08 20:08:12,648 - __main__ - ERROR - Slack API error: ratelimited
2025-07-08 20:08:18,039 - __main__ - ERROR - Slack API error: ratelimited
2025-07-08 20:08:23,464 - __main__ - ERROR - Slack API error: ratelimited
2025-07-08 20:08:28,788 - __main__ - ERROR - Slack API error: ratelimited
2025-07-08 20:08:34,110 - __main__ - ERROR - Slack API error: ratelimited
2025-07-08 20:08:39,439 - __main__ - ERROR - Slack API error: ratelimited
2025-07-08 20:08:44,741 - __main__ - ERROR - Slack API error: ratelimited
2025-07-08 20:08:50,089 - __main__ - ERROR - Slack API error: ratelimited
2025-07-08 20:08:55,422 - __main__ - ERROR - Slack API error: ratelimited
2025-07-08 20:09:00,777 - __main__ - INFO - ✅ APPROVED by user U094E35B38W
2025-07-08 20:09:00,781 - __main__ - INFO - ✅ Task approved and saved: slack-1751976540779-3015
2025-07-08 20:09:01,164 - __main__ - INFO - Pending approval cleaned up
2025-07-08 20:09:06,498 - __main__ - ERROR - Slack API error: ratelimited
2025-07-08 20:09:11,899 - __main__ - ERROR - Slack API error: ratelimited
2025-07-08 20:09:17,212 - __main__ - ERROR - Slack API error: ratelimited
2025-07-08 20:09:22,550 - __main__ - ERROR - Slack API error: ratelimited
2025-07-08 20:09:27,976 - __main__ - ERROR - Slack API error: ratelimited
2025-07-08 20:09:33,292 - __main__ - ERROR - Slack API error: ratelimited
2025-07-08 20:09:38,626 - __main__ - ERROR - Slack API error: ratelimited
2025-07-08 20:09:43,932 - __main__ - ERROR - Slack API error: ratelimited
2025-07-08 20:09:49,253 - __main__ - ERROR - Slack API error: ratelimited
2025-07-08 20:09:54,572 - __main__ - ERROR - Slack API error: ratelimited
2025-07-08 20:10:05,200 - __main__ - ERROR - Slack API error: ratelimited
2025-07-08 20:10:10,504 - __main__ - ERROR - Slack API error: ratelimited
2025-07-08 20:10:15,815 - __main__ - ERROR - Slack API error: ratelimited
2025-07-08 20:10:21,135 - __main__ - ERROR - Slack API error: ratelimited
2025-07-08 20:10:26,551 - __main__ - ERROR - Slack API error: ratelimited
2025-07-08 20:10:31,856 - __main__ - ERROR - Slack API error: ratelimited
2025-07-08 20:10:37,198 - __main__ - ERROR - Slack API error: ratelimited
2025-07-08 20:10:42,506 - __main__ - ERROR - Slack API error: ratelimited
2025-07-08 20:10:47,822 - __main__ - ERROR - Slack API error: ratelimited
2025-07-08 20:10:53,129 - __main__ - ERROR - Slack API error: ratelimited
2025-07-08 20:10:58,449 - __main__ - ERROR - Slack API error: ratelimited
2025-07-08 20:11:09,094 - __main__ - ERROR - Slack API error: ratelimited
2025-07-08 20:11:14,474 - __main__ - ERROR - Slack API error: ratelimited
2025-07-08 20:11:19,783 - __main__ - ERROR - Slack API error: ratelimited
2025-07-08 20:11:25,122 - __main__ - ERROR - Slack API error: ratelimited
2025-07-08 20:11:30,446 - __main__ - ERROR - Slack API error: ratelimited
2025-07-08 20:11:35,756 - __main__ - ERROR - Slack API error: ratelimited
2025-07-08 20:11:41,058 - __main__ - ERROR - Slack API error: ratelimited
2025-07-08 20:11:46,362 - __main__ - ERROR - Slack API error: ratelimited
2025-07-08 20:11:51,669 - __main__ - ERROR - Slack API error: ratelimited
2025-07-08 20:11:56,989 - __main__ - ERROR - Slack API error: ratelimited
2025-07-08 20:12:07,731 - __main__ - ERROR - Slack API error: ratelimited
2025-07-08 20:12:13,148 - __main__ - ERROR - Slack API error: ratelimited
2025-07-08 20:12:18,474 - __main__ - ERROR - Slack API error: ratelimited
2025-07-08 20:12:23,799 - __main__ - ERROR - Slack API error: ratelimited
2025-07-08 20:12:29,120 - __main__ - ERROR - Slack API error: ratelimited
2025-07-08 20:12:34,436 - __main__ - ERROR - Slack API error: ratelimited
2025-07-08 20:12:39,829 - __main__ - ERROR - Slack API error: ratelimited
2025-07-08 20:12:45,155 - __main__ - ERROR - Slack API error: ratelimited
2025-07-08 20:12:50,446 - __main__ - ERROR - Slack API error: ratelimited
2025-07-08 20:12:55,759 - __main__ - ERROR - Slack API error: ratelimited
2025-07-08 20:13:06,385 - __main__ - ERROR - Slack API error: ratelimited
2025-07-08 20:13:12,236 - __main__ - ERROR - Slack API error: ratelimited
2025-07-08 20:13:17,557 - __main__ - ERROR - Slack API error: ratelimited
2025-07-08 20:13:23,058 - __main__ - ERROR - Slack API error: ratelimited
2025-07-08 20:13:28,369 - __main__ - ERROR - Slack API error: ratelimited
